<?xml version="1.0" encoding="UTF-8"?>
<!-- Generated by org.testng.reporters.JUnitReportReporter -->
<testsuite hostname="LAPTOP-RU25AAK8" failures="0" tests="11" name="com.bddframework.runners.TestNGRunner" time="181.777" errors="0" timestamp="2024-12-22T10:13:30 GMT-05:00" skipped="0">
  <testcase classname="com.bddframework.runners.TestNGRunner" name="runScenario" time="14.702"/>
  <testcase classname="com.bddframework.runners.TestNGRunner" name="runScenario" time="14.039"/>
  <testcase classname="com.bddframework.runners.TestNGRunner" name="runScenario" time="14.638"/>
  <testcase classname="com.bddframework.runners.TestNGRunner" name="runScenario" time="14.747"/>
  <testcase classname="com.bddframework.runners.TestNGRunner" name="runScenario" time="18.743"/>
  <testcase classname="com.bddframework.runners.TestNGRunner" name="runScenario" time="14.917"/>
  <testcase classname="com.bddframework.runners.TestNGRunner" name="runScenario" time="13.062"/>
  <testcase classname="com.bddframework.runners.TestNGRunner" name="runScenario" time="19.226"/>
  <testcase classname="com.bddframework.runners.TestNGRunner" name="runScenario" time="25.475"/>
  <testcase classname="com.bddframework.runners.TestNGRunner" name="runScenario" time="15.087"/>
  <testcase classname="com.bddframework.runners.TestNGRunner" name="runScenario" time="17.141"/>
</testsuite> <!-- com.bddframework.runners.TestNGRunner -->
